[2016-09-18 15:25:02,047] INFO Starting the log cleaner (kafka.log.LogCleaner)
[2016-09-18 15:25:02,049] INFO [kafka-log-cleaner-thread-0], Starting  (kafka.log.LogCleaner)
[2016-09-18 17:10:23,609] INFO Starting the log cleaner (kafka.log.LogCleaner)
[2016-09-18 17:10:23,615] INFO [kafka-log-cleaner-thread-0], Starting  (kafka.log.LogCleaner)
[2016-09-18 17:10:25,075] INFO Shutting down the log cleaner. (kafka.log.LogCleaner)
[2016-09-18 17:10:25,075] INFO [kafka-log-cleaner-thread-0], Shutting down (kafka.log.LogCleaner)
[2016-09-18 17:10:25,075] INFO [kafka-log-cleaner-thread-0], Stopped  (kafka.log.LogCleaner)
[2016-09-18 17:10:25,075] INFO [kafka-log-cleaner-thread-0], Shutdown completed (kafka.log.LogCleaner)
[2016-09-18 17:10:40,520] INFO Starting the log cleaner (kafka.log.LogCleaner)
[2016-09-18 17:10:40,521] INFO [kafka-log-cleaner-thread-0], Starting  (kafka.log.LogCleaner)
[2016-09-18 17:10:51,355] INFO Starting the log cleaner (kafka.log.LogCleaner)
[2016-09-18 17:10:51,356] INFO [kafka-log-cleaner-thread-0], Starting  (kafka.log.LogCleaner)
[2016-09-18 17:10:53,818] INFO Shutting down the log cleaner. (kafka.log.LogCleaner)
[2016-09-18 17:10:53,818] INFO [kafka-log-cleaner-thread-0], Shutting down (kafka.log.LogCleaner)
[2016-09-18 17:10:53,818] INFO [kafka-log-cleaner-thread-0], Stopped  (kafka.log.LogCleaner)
[2016-09-18 17:10:53,818] INFO [kafka-log-cleaner-thread-0], Shutdown completed (kafka.log.LogCleaner)
[2016-09-18 17:10:57,200] INFO Starting the log cleaner (kafka.log.LogCleaner)
[2016-09-18 17:10:57,201] INFO [kafka-log-cleaner-thread-0], Starting  (kafka.log.LogCleaner)
[2016-09-18 17:11:38,411] INFO Starting the log cleaner (kafka.log.LogCleaner)
[2016-09-18 17:11:38,412] INFO [kafka-log-cleaner-thread-0], Starting  (kafka.log.LogCleaner)
